 -70dBm                               | ||                                            
      -                               | ||                                            
      -                              || ||                                            
      -                              || ||                                            
      -                              || ||                                            
 -75dBm                              || ||                                            
      -                              || ||                                            
      -                              || ||                                            
      -                              || || |                                          
      -                              || || |                                          
 -80dBm                              || || |                                          
      -                              || || |             |                            
      -                              || || |             |                            
      -                              || || |             |                            
      -                              || || |             |                            
 -85dBm                              || || |             |                            
      -                              || || |             |                            
      -                              || || |             |                            
      -                              || ||||             | |                          
      -                              || ||||             | |        |                 
 -90dBm                              || ||||             | |      | |                 
      -                             ||| ||||             | |     || |                 
      -                             ||| ||||             | |     || ||||              
      -           ||||    ||        ||||||||       |     | |   | |||||||              
      -           ||||    ||        ||||||||       |     | |   |||||||||              
 -95dBm           ||||||  ||        ||||||||       |     | |  ||||||||||              
      -           ||||||||||||      ||||||||       |  |  | | |||||||||||              
      -           ||||||||||||      ||||||||||   | | ||  | | ||||||||||||           | 
      -  |        |||||||||||||     ||||||||||   | ||||  | | ||||||||||||           ||
      -  |        |||||||||||||     |||||||||| | | ||||  ||| |||||||||||||   |      ||
-100dBm|||| ||   ||||||||||||||||   |||||||||||| ||||||| ||||||||||||||||||| |      ||
        2408MHz 2416MHz 2424MHz 2432MHz 2440MHz 2448MHz 2456MHz 2464MHz 2472MHz
