6 0 0
6 1 4,63
6 2 6,04
6 3 7,19
6 4 7,5
6 5 8,02
6 6 8,21
6 7 14,67
6 8 15,42
6 9 15,27
6 10 15,69
6 11 16,22
6 12 16,21
6 13 16,56
6 14 16,42
6 15 16,56
6 16 16,53
6 17 16,56
6 18 16,42
6 19 16,6
6 20 16,52
6 21 16,71
6 22 16,55
9 0 0
9 1 0
9 2 3,66
9 3 4,01
9 4 5,73
9 5 7,43
9 6 8,25
9 7 8,52
9 8 8,64
9 9 8,68
9 10 8,7
9 11 15,54
9 12 15,9
9 13 16,67
9 14 16,97
9 15 17,17
9 16 17,11
9 17 16,89
9 18 17,36
9 19 16,95
9 20 17,19
9 21 17,36
9 22 17,37
12 0 0
12 1 0
12 2 6,76
12 3 7,41
12 4 8,1
12 5 8,6
12 6 8,71
12 7 8,79
12 8 8,89
12 9 14,22
12 10 16,42
12 11 17,26
12 12 17,3
12 13 17,47
12 14 17,65
12 15 17,76
12 16 17,78
12 17 17,76
12 18 17,97
12 19 18
12 20 17,9
12 21 17,8
12 22 18
18 0 0
18 1 0
18 2 0
18 3 0
18 4 0
18 5 5,86
18 6 8,17
18 7 9,13
18 8 9,18
18 9 9,24
18 10 9,25
18 11 9,38
18 12 9,39
18 13 9,43
18 14 9,45
18 15 13,69
18 16 17,28
18 17 18,12
18 18 18,25
18 19 18,42
18 20 18,66
18 21 18,66
18 22 18,77
24 0 0
24 1 0
24 2 0
24 3 0
24 4 0
24 5 0
24 6 0
24 7 0
24 8 0
24 9 7,86
24 10 9,29
24 11 9,48
24 12 9,57
24 13 9,54
24 14 9,66
24 15 9,66
24 16 9,71
24 17 16,04
24 18 17,09
24 19 18,37
24 20 18,76
24 21 18,99
24 22 19,1
36 0 0
36 1 0
36 2 0
36 3 0
36 4 0
36 5 0
36 6 0
36 7 0
36 8 0
36 9 0
36 10 0
36 11 6,25
36 12 8,75
36 13 9,66
36 14 9,84
36 15 9,91
36 16 9,94
36 17 10,01
36 18 10
36 19 10
36 20 10,06
36 21 10,05
36 22 10,06
48 0 0
48 1 0
48 2 0
48 3 0
48 4 0
48 5 0
48 6 0
48 7 0
48 8 0
48 9 0
48 10 0
48 11 0
48 12 0
48 13 0
48 14 0
48 15 0
48 16 5,93
48 17 8,19
48 18 8,95
48 19 9,53
48 20 9,5
48 21 9,52
48 22 9,52
54 0 0
54 1 0
54 2 0
54 3 0
54 4 0
54 5 0
54 6 0
54 7 0
54 8 0
54 9 0
54 10 0
54 11 0
54 12 0
54 13 0
54 14 0
54 15 0
54 16 0
54 17 0
54 18 0
54 19 6,93
54 20 6,35
54 21 0
54 22 6,69
